This file contains any messages produced by compilers while
running configure, to aid debugging if configure makes a mistake.

It was created by samples configure 1.0.0, which was
generated by GNU Autoconf 2.69.  Invocation command line was

  $ ./configure 

## --------- ##
## Platform. ##
## --------- ##

hostname = deepin-PC
uname -m = x86_64
uname -r = 4.15.0-29deepin-generic
uname -s = Linux
uname -v = #31 SMP Fri Jul 27 07:12:08 UTC 2018

/usr/bin/uname -p = unknown
/bin/uname -X     = unknown

/bin/arch              = unknown
/usr/bin/arch -k       = unknown
/usr/convex/getsysinfo = unknown
/usr/bin/hostinfo      = unknown
/bin/machine           = unknown
/usr/bin/oslevel       = unknown
/bin/universe          = unknown

PATH: /opt/eclipse/jre//bin
PATH: /usr/local/bin
PATH: /usr/bin
PATH: /bin
PATH: /usr/local/games
PATH: /usr/games
PATH: /sbin
PATH: /usr/sbin
PATH: /opt/Xilinx/Vivado/2018.3/bin
PATH: /opt/crosstool/crosstool-ng/bin
PATH: /usr/local/minigui/lib
PATH: /usr/local/minigui/include


## ----------- ##
## Core tests. ##
## ----------- ##

configure:2203: checking build system type
configure:2217: result: x86_64-pc-linux-gnu
configure:2237: checking host system type
configure:2250: result: x86_64-pc-linux-gnu
configure:2270: checking target system type
configure:2283: result: x86_64-pc-linux-gnu
configure:2327: checking for a BSD-compatible install
configure:2395: result: /usr/bin/install -c
configure:2406: checking whether build environment is sane
configure:2461: result: yes
configure:2612: checking for a thread-safe mkdir -p
configure:2651: result: /bin/mkdir -p
configure:2658: checking for gawk
configure:2674: found /usr/bin/gawk
configure:2685: result: gawk
configure:2696: checking whether make sets $(MAKE)
configure:2718: result: yes
configure:2747: checking whether make supports nested variables
configure:2764: result: yes
configure:2891: checking whether make sets $(MAKE)
configure:2913: result: yes
configure:2970: checking for gcc
configure:2986: found /usr/bin/gcc
configure:2997: result: gcc
configure:3226: checking for C compiler version
configure:3235: gcc --version >&5
gcc (Debian 7.3.0-19) 7.3.0
Copyright (C) 2017 Free Software Foundation, Inc.
This is free software; see the source for copying conditions.  There is NO
warranty; not even for MERCHANTABILITY or FITNESS FOR A PARTICULAR PURPOSE.

configure:3246: $? = 0
configure:3235: gcc -v >&5
Using built-in specs.
COLLECT_GCC=gcc
COLLECT_LTO_WRAPPER=/usr/lib/gcc/x86_64-linux-gnu/7/lto-wrapper
OFFLOAD_TARGET_NAMES=nvptx-none
OFFLOAD_TARGET_DEFAULT=1
Target: x86_64-linux-gnu
Configured with: ../src/configure -v --with-pkgversion='Debian 7.3.0-19' --with-bugurl=file:///usr/share/doc/gcc-7/README.Bugs --enable-languages=c,ada,c++,go,brig,d,fortran,objc,obj-c++ --prefix=/usr --with-gcc-major-version-only --program-suffix=-7 --program-prefix=x86_64-linux-gnu- --enable-shared --enable-linker-build-id --libexecdir=/usr/lib --without-included-gettext --enable-threads=posix --libdir=/usr/lib --enable-nls --with-sysroot=/ --enable-clocale=gnu --enable-libstdcxx-debug --enable-libstdcxx-time=yes --with-default-libstdcxx-abi=new --enable-gnu-unique-object --disable-vtable-verify --enable-libmpx --enable-plugin --enable-default-pie --with-system-zlib --with-target-system-zlib --enable-objc-gc=auto --enable-multiarch --disable-werror --with-arch-32=i686 --with-abi=m64 --with-multilib-list=m32,m64,mx32 --enable-multilib --with-tune=generic --enable-offload-targets=nvptx-none --without-cuda-driver --enable-checking=release --build=x86_64-linux-gnu --host=x86_64-linux-gnu --target=x86_64-linux-gnu
Thread model: posix
gcc version 7.3.0 (Debian 7.3.0-19) 
configure:3246: $? = 0
configure:3235: gcc -V >&5
gcc: error: unrecognized command line option '-V'
gcc: fatal error: no input files
compilation terminated.
configure:3246: $? = 1
configure:3235: gcc -qversion >&5
gcc: error: unrecognized command line option '-qversion'; did you mean '--version'?
gcc: fatal error: no input files
compilation terminated.
configure:3246: $? = 1
configure:3266: checking whether the C compiler works
configure:3288: gcc    conftest.c  >&5
configure:3292: $? = 0
configure:3340: result: yes
configure:3343: checking for C compiler default output file name
configure:3345: result: a.out
configure:3351: checking for suffix of executables
configure:3358: gcc -o conftest    conftest.c  >&5
configure:3362: $? = 0
configure:3384: result: 
configure:3406: checking whether we are cross compiling
configure:3414: gcc -o conftest    conftest.c  >&5
configure:3418: $? = 0
configure:3425: ./conftest
configure:3429: $? = 0
configure:3444: result: no
configure:3449: checking for suffix of object files
configure:3471: gcc -c   conftest.c >&5
configure:3475: $? = 0
configure:3496: result: o
configure:3500: checking whether we are using the GNU C compiler
configure:3519: gcc -c   conftest.c >&5
configure:3519: $? = 0
configure:3528: result: yes
configure:3537: checking whether gcc accepts -g
configure:3557: gcc -c -g  conftest.c >&5
configure:3557: $? = 0
configure:3598: result: yes
configure:3615: checking for gcc option to accept ISO C89
configure:3678: gcc  -c -g -O2  conftest.c >&5
configure:3678: $? = 0
configure:3691: result: none needed
configure:3716: checking whether gcc understands -c and -o together
configure:3738: gcc -c conftest.c -o conftest2.o
configure:3741: $? = 0
configure:3738: gcc -c conftest.c -o conftest2.o
configure:3741: $? = 0
configure:3753: result: yes
configure:3781: checking for style of include used by make
configure:3809: result: GNU
configure:3835: checking dependency style of gcc
configure:3946: result: gcc3
configure:4019: checking for g++
configure:4035: found /usr/bin/g++
configure:4046: result: g++
configure:4073: checking for C++ compiler version
configure:4082: g++ --version >&5
g++ (Debian 7.3.0-19) 7.3.0
Copyright (C) 2017 Free Software Foundation, Inc.
This is free software; see the source for copying conditions.  There is NO
warranty; not even for MERCHANTABILITY or FITNESS FOR A PARTICULAR PURPOSE.

configure:4093: $? = 0
configure:4082: g++ -v >&5
Using built-in specs.
COLLECT_GCC=g++
COLLECT_LTO_WRAPPER=/usr/lib/gcc/x86_64-linux-gnu/7/lto-wrapper
OFFLOAD_TARGET_NAMES=nvptx-none
OFFLOAD_TARGET_DEFAULT=1
Target: x86_64-linux-gnu
Configured with: ../src/configure -v --with-pkgversion='Debian 7.3.0-19' --with-bugurl=file:///usr/share/doc/gcc-7/README.Bugs --enable-languages=c,ada,c++,go,brig,d,fortran,objc,obj-c++ --prefix=/usr --with-gcc-major-version-only --program-suffix=-7 --program-prefix=x86_64-linux-gnu- --enable-shared --enable-linker-build-id --libexecdir=/usr/lib --without-included-gettext --enable-threads=posix --libdir=/usr/lib --enable-nls --with-sysroot=/ --enable-clocale=gnu --enable-libstdcxx-debug --enable-libstdcxx-time=yes --with-default-libstdcxx-abi=new --enable-gnu-unique-object --disable-vtable-verify --enable-libmpx --enable-plugin --enable-default-pie --with-system-zlib --with-target-system-zlib --enable-objc-gc=auto --enable-multiarch --disable-werror --with-arch-32=i686 --with-abi=m64 --with-multilib-list=m32,m64,mx32 --enable-multilib --with-tune=generic --enable-offload-targets=nvptx-none --without-cuda-driver --enable-checking=release --build=x86_64-linux-gnu --host=x86_64-linux-gnu --target=x86_64-linux-gnu
Thread model: posix
gcc version 7.3.0 (Debian 7.3.0-19) 
configure:4093: $? = 0
configure:4082: g++ -V >&5
g++: error: unrecognized command line option '-V'
g++: fatal error: no input files
compilation terminated.
configure:4093: $? = 1
configure:4082: g++ -qversion >&5
g++: error: unrecognized command line option '-qversion'; did you mean '--version'?
g++: fatal error: no input files
compilation terminated.
configure:4093: $? = 1
configure:4097: checking whether we are using the GNU C++ compiler
configure:4116: g++ -c   conftest.cpp >&5
configure:4116: $? = 0
configure:4125: result: yes
configure:4134: checking whether g++ accepts -g
configure:4154: g++ -c -g  conftest.cpp >&5
configure:4154: $? = 0
configure:4195: result: yes
configure:4220: checking dependency style of g++
configure:4331: result: gcc3
configure:4348: checking for an ANSI C-conforming const
configure:4414: gcc -c -g -O2  conftest.c >&5
configure:4414: $? = 0
configure:4421: result: yes
configure:4435: checking how to run the C preprocessor
configure:4466: gcc -E  conftest.c
configure:4466: $? = 0
configure:4480: gcc -E  conftest.c
conftest.c:11:10: fatal error: ac_nonexistent.h: No such file or directory
 #include <ac_nonexistent.h>
          ^~~~~~~~~~~~~~~~~~
compilation terminated.
configure:4480: $? = 1
configure: failed program was:
| /* confdefs.h */
| #define PACKAGE_NAME "samples"
| #define PACKAGE_TARNAME "samples"
| #define PACKAGE_VERSION "1.0.0"
| #define PACKAGE_STRING "samples 1.0.0"
| #define PACKAGE_BUGREPORT ""
| #define PACKAGE_URL ""
| #define PACKAGE "samples"
| #define VERSION "1.0.0"
| /* end confdefs.h.  */
| #include <ac_nonexistent.h>
configure:4505: result: gcc -E
configure:4525: gcc -E  conftest.c
configure:4525: $? = 0
configure:4539: gcc -E  conftest.c
conftest.c:11:10: fatal error: ac_nonexistent.h: No such file or directory
 #include <ac_nonexistent.h>
          ^~~~~~~~~~~~~~~~~~
compilation terminated.
configure:4539: $? = 1
configure: failed program was:
| /* confdefs.h */
| #define PACKAGE_NAME "samples"
| #define PACKAGE_TARNAME "samples"
| #define PACKAGE_VERSION "1.0.0"
| #define PACKAGE_STRING "samples 1.0.0"
| #define PACKAGE_BUGREPORT ""
| #define PACKAGE_URL ""
| #define PACKAGE "samples"
| #define VERSION "1.0.0"
| /* end confdefs.h.  */
| #include <ac_nonexistent.h>
configure:4568: checking for grep that handles long lines and -e
configure:4626: result: /bin/grep
configure:4631: checking for egrep
configure:4693: result: /bin/grep -E
configure:4698: checking for ANSI C header files
configure:4718: gcc -c -g -O2  conftest.c >&5
configure:4718: $? = 0
configure:4791: gcc -o conftest -g -O2   conftest.c  >&5
configure:4791: $? = 0
configure:4791: ./conftest
configure:4791: $? = 0
configure:4802: result: yes
configure:4810: checking for sys/wait.h that is POSIX.1 compatible
configure:4836: gcc -c -g -O2  conftest.c >&5
configure:4836: $? = 0
configure:4843: result: yes
configure:4851: checking whether time.h and sys/time.h may both be included
configure:4871: gcc -c -g -O2  conftest.c >&5
configure:4871: $? = 0
configure:4878: result: yes
configure:4891: checking for sys/types.h
configure:4891: gcc -c -g -O2  conftest.c >&5
configure:4891: $? = 0
configure:4891: result: yes
configure:4891: checking for sys/stat.h
configure:4891: gcc -c -g -O2  conftest.c >&5
configure:4891: $? = 0
configure:4891: result: yes
configure:4891: checking for stdlib.h
configure:4891: gcc -c -g -O2  conftest.c >&5
configure:4891: $? = 0
configure:4891: result: yes
configure:4891: checking for string.h
configure:4891: gcc -c -g -O2  conftest.c >&5
configure:4891: $? = 0
configure:4891: result: yes
configure:4891: checking for memory.h
configure:4891: gcc -c -g -O2  conftest.c >&5
configure:4891: $? = 0
configure:4891: result: yes
configure:4891: checking for strings.h
configure:4891: gcc -c -g -O2  conftest.c >&5
configure:4891: $? = 0
configure:4891: result: yes
configure:4891: checking for inttypes.h
configure:4891: gcc -c -g -O2  conftest.c >&5
configure:4891: $? = 0
configure:4891: result: yes
configure:4891: checking for stdint.h
configure:4891: gcc -c -g -O2  conftest.c >&5
configure:4891: $? = 0
configure:4891: result: yes
configure:4891: checking for unistd.h
configure:4891: gcc -c -g -O2  conftest.c >&5
configure:4891: $? = 0
configure:4891: result: yes
configure:4906: checking sys/time.h usability
configure:4906: gcc -c -g -O2  conftest.c >&5
configure:4906: $? = 0
configure:4906: result: yes
configure:4906: checking sys/time.h presence
configure:4906: gcc -E  conftest.c
configure:4906: $? = 0
configure:4906: result: yes
configure:4906: checking for sys/time.h
configure:4906: result: yes
configure:4906: checking for unistd.h
configure:4906: result: yes
configure:4975: checking for pkg-config
configure:4993: found /usr/bin/pkg-config
configure:5005: result: /usr/bin/pkg-config
configure:5030: checking pkg-config is at least version 0.9.0
configure:5033: result: yes
configure:5043: checking for MINIGUI
configure:5050: $PKG_CONFIG --exists --print-errors "minigui >= 3.2.0"
configure:5053: $? = 0
configure:5067: $PKG_CONFIG --exists --print-errors "minigui >= 3.2.0"
configure:5070: $? = 0
configure:5128: result: yes
configure:5136: checking whether _MGRM_PROCESSES is declared
configure:5136: gcc -c -g -O2 -Wstrict-prototypes -pipe  conftest.c >&5
conftest.c:28:1: warning: function declaration isn't a prototype [-Wstrict-prototypes]
 main ()
 ^~~~
conftest.c: In function 'main':
conftest.c:34:10: error: '_MGRM_PROCESSES' undeclared (first use in this function); did you mean '_MGRM_THREADS'?
   (void) _MGRM_PROCESSES;
          ^~~~~~~~~~~~~~~
          _MGRM_THREADS
conftest.c:34:10: note: each undeclared identifier is reported only once for each function it appears in
configure:5136: $? = 1
configure: failed program was:
| /* confdefs.h */
| #define PACKAGE_NAME "samples"
| #define PACKAGE_TARNAME "samples"
| #define PACKAGE_VERSION "1.0.0"
| #define PACKAGE_STRING "samples 1.0.0"
| #define PACKAGE_BUGREPORT ""
| #define PACKAGE_URL ""
| #define PACKAGE "samples"
| #define VERSION "1.0.0"
| #define STDC_HEADERS 1
| #define HAVE_SYS_WAIT_H 1
| #define TIME_WITH_SYS_TIME 1
| #define HAVE_SYS_TYPES_H 1
| #define HAVE_SYS_STAT_H 1
| #define HAVE_STDLIB_H 1
| #define HAVE_STRING_H 1
| #define HAVE_MEMORY_H 1
| #define HAVE_STRINGS_H 1
| #define HAVE_INTTYPES_H 1
| #define HAVE_STDINT_H 1
| #define HAVE_UNISTD_H 1
| #define HAVE_SYS_TIME_H 1
| #define HAVE_UNISTD_H 1
| /* end confdefs.h.  */
| #include <minigui/common.h>
| 
| int
| main ()
| {
| #ifndef _MGRM_PROCESSES
| #ifdef __cplusplus
|   (void) _MGRM_PROCESSES;
| #else
|   (void) _MGRM_PROCESSES;
| #endif
| #endif
| 
|   ;
|   return 0;
| }
configure:5136: result: no
configure:5309: checking that generated files are newer than configure
configure:5315: result: done
configure:5346: creating ./config.status

## ---------------------- ##
## Running config.status. ##
## ---------------------- ##

This file was extended by samples config.status 1.0.0, which was
generated by GNU Autoconf 2.69.  Invocation command line was

  CONFIG_FILES    = 
  CONFIG_HEADERS  = 
  CONFIG_LINKS    = 
  CONFIG_COMMANDS = 
  $ ./config.status 

on deepin-PC

config.status:805: creating Makefile
config.status:805: creating src/Makefile
config.status:977: executing depfiles commands

## ---------------- ##
## Cache variables. ##
## ---------------- ##

ac_cv_build=x86_64-pc-linux-gnu
ac_cv_c_compiler_gnu=yes
ac_cv_c_const=yes
ac_cv_cxx_compiler_gnu=yes
ac_cv_env_CCC_set=
ac_cv_env_CCC_value=
ac_cv_env_CC_set=
ac_cv_env_CC_value=
ac_cv_env_CFLAGS_set=
ac_cv_env_CFLAGS_value=
ac_cv_env_CPPFLAGS_set=
ac_cv_env_CPPFLAGS_value=
ac_cv_env_CPP_set=
ac_cv_env_CPP_value=
ac_cv_env_CXXFLAGS_set=
ac_cv_env_CXXFLAGS_value=
ac_cv_env_CXX_set=
ac_cv_env_CXX_value=
ac_cv_env_LDFLAGS_set=
ac_cv_env_LDFLAGS_value=
ac_cv_env_LIBS_set=
ac_cv_env_LIBS_value=
ac_cv_env_MINIGUI_CFLAGS_set=
ac_cv_env_MINIGUI_CFLAGS_value=
ac_cv_env_MINIGUI_LIBS_set=
ac_cv_env_MINIGUI_LIBS_value=
ac_cv_env_PKG_CONFIG_LIBDIR_set=
ac_cv_env_PKG_CONFIG_LIBDIR_value=
ac_cv_env_PKG_CONFIG_PATH_set=
ac_cv_env_PKG_CONFIG_PATH_value=
ac_cv_env_PKG_CONFIG_set=
ac_cv_env_PKG_CONFIG_value=
ac_cv_env_build_alias_set=
ac_cv_env_build_alias_value=
ac_cv_env_host_alias_set=
ac_cv_env_host_alias_value=
ac_cv_env_target_alias_set=
ac_cv_env_target_alias_value=
ac_cv_have_decl__MGRM_PROCESSES=no
ac_cv_header_inttypes_h=yes
ac_cv_header_memory_h=yes
ac_cv_header_stdc=yes
ac_cv_header_stdint_h=yes
ac_cv_header_stdlib_h=yes
ac_cv_header_string_h=yes
ac_cv_header_strings_h=yes
ac_cv_header_sys_stat_h=yes
ac_cv_header_sys_time_h=yes
ac_cv_header_sys_types_h=yes
ac_cv_header_sys_wait_h=yes
ac_cv_header_time=yes
ac_cv_header_unistd_h=yes
ac_cv_host=x86_64-pc-linux-gnu
ac_cv_objext=o
ac_cv_path_EGREP='/bin/grep -E'
ac_cv_path_GREP=/bin/grep
ac_cv_path_ac_pt_PKG_CONFIG=/usr/bin/pkg-config
ac_cv_path_install='/usr/bin/install -c'
ac_cv_path_mkdir=/bin/mkdir
ac_cv_prog_AWK=gawk
ac_cv_prog_CPP='gcc -E'
ac_cv_prog_ac_ct_CC=gcc
ac_cv_prog_ac_ct_CXX=g++
ac_cv_prog_cc_c89=
ac_cv_prog_cc_g=yes
ac_cv_prog_cxx_g=yes
ac_cv_prog_make_make_set=yes
ac_cv_target=x86_64-pc-linux-gnu
am_cv_CC_dependencies_compiler_type=gcc3
am_cv_CXX_dependencies_compiler_type=gcc3
am_cv_make_support_nested_variables=yes
am_cv_prog_cc_c_o=yes
pkg_cv_MINIGUI_CFLAGS=-I/usr/local/include
pkg_cv_MINIGUI_LIBS='-L/usr/local/lib -lminigui_ths -ldrm -ldl -ljpeg -lpng16 -lz -linput -lharfbuzzex -lfreetype -ludev -lm -lpthread'

## ----------------- ##
## Output variables. ##
## ----------------- ##

ACLOCAL='${SHELL} /home/deepin/test/MiniGui/samples/missing aclocal-1.15'
AMDEPBACKSLASH='\'
AMDEP_FALSE='#'
AMDEP_TRUE=''
AMTAR='$${TAR-tar}'
AM_BACKSLASH='\'
AM_DEFAULT_V='$(AM_DEFAULT_VERBOSITY)'
AM_DEFAULT_VERBOSITY='1'
AM_V='$(V)'
AUTOCONF='${SHELL} /home/deepin/test/MiniGui/samples/missing autoconf'
AUTOHEADER='${SHELL} /home/deepin/test/MiniGui/samples/missing autoheader'
AUTOMAKE='${SHELL} /home/deepin/test/MiniGui/samples/missing automake-1.15'
AWK='gawk'
CC='gcc'
CCDEPMODE='depmode=gcc3'
CFLAGS='-g -O2 -Wstrict-prototypes -pipe'
CPP='gcc -E'
CPPFLAGS=''
CXX='g++'
CXXDEPMODE='depmode=gcc3'
CXXFLAGS='-g -O2'
CYGPATH_W='echo'
DEFS='-DPACKAGE_NAME=\"samples\" -DPACKAGE_TARNAME=\"samples\" -DPACKAGE_VERSION=\"1.0.0\" -DPACKAGE_STRING=\"samples\ 1.0.0\" -DPACKAGE_BUGREPORT=\"\" -DPACKAGE_URL=\"\" -DPACKAGE=\"samples\" -DVERSION=\"1.0.0\" -DSTDC_HEADERS=1 -DHAVE_SYS_WAIT_H=1 -DTIME_WITH_SYS_TIME=1 -DHAVE_SYS_TYPES_H=1 -DHAVE_SYS_STAT_H=1 -DHAVE_STDLIB_H=1 -DHAVE_STRING_H=1 -DHAVE_MEMORY_H=1 -DHAVE_STRINGS_H=1 -DHAVE_INTTYPES_H=1 -DHAVE_STDINT_H=1 -DHAVE_UNISTD_H=1 -DHAVE_SYS_TIME_H=1 -DHAVE_UNISTD_H=1 -DHAVE_DECL__MGRM_PROCESSES=0'
DEPDIR='.deps'
ECHO_C=''
ECHO_N='-n'
ECHO_T=''
EGREP='/bin/grep -E'
EXEEXT=''
GREP='/bin/grep'
INSTALL_DATA='${INSTALL} -m 644'
INSTALL_PROGRAM='${INSTALL}'
INSTALL_SCRIPT='${INSTALL}'
INSTALL_STRIP_PROGRAM='$(install_sh) -c -s'
LDFLAGS=''
LIBOBJS=''
LIBS=' -lcrypt -lmgncs4touch -lmgncs -lmgeff -lmgplus -lmgutils -L/usr/local/lib -lminigui_ths -ldrm -ldl -ljpeg -lpng16 -lz -linput -lharfbuzzex -lfreetype -ludev -lm -lpthread'
LTLIBOBJS=''
MAKEINFO='${SHELL} /home/deepin/test/MiniGui/samples/missing makeinfo'
MGRM_PROCESSES_FALSE=''
MGRM_PROCESSES_TRUE='#'
MINIGUI_CFLAGS='-I/usr/local/include'
MINIGUI_LIBS='-L/usr/local/lib -lminigui_ths -ldrm -ldl -ljpeg -lpng16 -lz -linput -lharfbuzzex -lfreetype -ludev -lm -lpthread'
MKDIR_P='/bin/mkdir -p'
OBJEXT='o'
PACKAGE='samples'
PACKAGE_BUGREPORT=''
PACKAGE_NAME='samples'
PACKAGE_STRING='samples 1.0.0'
PACKAGE_TARNAME='samples'
PACKAGE_URL=''
PACKAGE_VERSION='1.0.0'
PATH_SEPARATOR=':'
PKG_CONFIG='/usr/bin/pkg-config'
PKG_CONFIG_LIBDIR=''
PKG_CONFIG_PATH=''
SET_MAKE=''
SHELL='/bin/bash'
STRIP=''
VERSION='1.0.0'
ac_ct_CC='gcc'
ac_ct_CXX='g++'
am__EXEEXT_FALSE=''
am__EXEEXT_TRUE='#'
am__fastdepCC_FALSE='#'
am__fastdepCC_TRUE=''
am__fastdepCXX_FALSE='#'
am__fastdepCXX_TRUE=''
am__include='include'
am__isrc=''
am__leading_dot='.'
am__nodep='_no'
am__quote=''
am__tar='$${TAR-tar} chof - "$$tardir"'
am__untar='$${TAR-tar} xf -'
bindir='${exec_prefix}/bin'
build='x86_64-pc-linux-gnu'
build_alias=''
build_cpu='x86_64'
build_os='linux-gnu'
build_vendor='pc'
datadir='${datarootdir}'
datarootdir='${prefix}/share'
docdir='${datarootdir}/doc/${PACKAGE_TARNAME}'
dvidir='${docdir}'
exec_prefix='${prefix}'
host='x86_64-pc-linux-gnu'
host_alias=''
host_cpu='x86_64'
host_os='linux-gnu'
host_vendor='pc'
htmldir='${docdir}'
includedir='${prefix}/include'
infodir='${datarootdir}/info'
install_sh='${SHELL} /home/deepin/test/MiniGui/samples/install-sh'
libdir='${exec_prefix}/lib'
libexecdir='${exec_prefix}/libexec'
localedir='${datarootdir}/locale'
localstatedir='${prefix}/var'
mandir='${datarootdir}/man'
mkdir_p='$(MKDIR_P)'
oldincludedir='/usr/include'
pdfdir='${docdir}'
prefix='/usr/local'
program_transform_name='s,x,x,'
psdir='${docdir}'
runstatedir='${localstatedir}/run'
sbindir='${exec_prefix}/sbin'
sharedstatedir='${prefix}/com'
sysconfdir='${prefix}/etc'
target='x86_64-pc-linux-gnu'
target_alias=''
target_cpu='x86_64'
target_os='linux-gnu'
target_vendor='pc'

## ----------- ##
## confdefs.h. ##
## ----------- ##

/* confdefs.h */
#define PACKAGE_NAME "samples"
#define PACKAGE_TARNAME "samples"
#define PACKAGE_VERSION "1.0.0"
#define PACKAGE_STRING "samples 1.0.0"
#define PACKAGE_BUGREPORT ""
#define PACKAGE_URL ""
#define PACKAGE "samples"
#define VERSION "1.0.0"
#define STDC_HEADERS 1
#define HAVE_SYS_WAIT_H 1
#define TIME_WITH_SYS_TIME 1
#define HAVE_SYS_TYPES_H 1
#define HAVE_SYS_STAT_H 1
#define HAVE_STDLIB_H 1
#define HAVE_STRING_H 1
#define HAVE_MEMORY_H 1
#define HAVE_STRINGS_H 1
#define HAVE_INTTYPES_H 1
#define HAVE_STDINT_H 1
#define HAVE_UNISTD_H 1
#define HAVE_SYS_TIME_H 1
#define HAVE_UNISTD_H 1
#define HAVE_DECL__MGRM_PROCESSES 0

configure: exit 0
